2016-09-06 11:42:41.087:WARN:oejs.ServletHandler:/3/Cloud
java.lang.RuntimeException: java.io.IOException: invalid constant type: 18
	at javassist.CtClassType.getClassFile2(CtClassType.java:203)
	at javassist.CtClassType.subtypeOf(CtClassType.java:303)
	at javassist.CtClassType.subtypeOf(CtClassType.java:318)
	at water.Weaver.genIcerClass(Weaver.java:178)
	at water.Weaver.javassistLoadClass(Weaver.java:141)
	at water.Weaver.genDelegate(Weaver.java:61)
	at water.TypeMap.getIcer(TypeMap.java:190)
	at water.TypeMap.getIcer(TypeMap.java:177)
	at water.Iced.icer(Iced.java:55)
	at water.Iced.writeJSON(Iced.java:65)
	at water.api.schemas3.SchemaV3.writeJSON(SchemaV3.java:63)
	at water.Iced.toJsonString(Iced.java:77)
	at water.api.RequestServer.serveSchema(RequestServer.java:616)
	at water.api.RequestServer.serveError(RequestServer.java:645)
	at water.api.RequestServer.serve(RequestServer.java:434)
	at water.api.RequestServer.doGeneric(RequestServer.java:245)
	at water.api.RequestServer.doGet(RequestServer.java:197)
	at javax.servlet.http.HttpServlet.service(HttpServlet.java:735)
	at javax.servlet.http.HttpServlet.service(HttpServlet.java:848)
	at org.eclipse.jetty.servlet.ServletHolder.handle(ServletHolder.java:684)
	at org.eclipse.jetty.servlet.ServletHandler.doHandle(ServletHandler.java:503)
	at org.eclipse.jetty.server.handler.ScopedHandler.handle(ScopedHandler.java:137)
	at org.eclipse.jetty.security.SecurityHandler.handle(SecurityHandler.java:557)
	at org.eclipse.jetty.server.session.SessionHandler.doHandle(SessionHandler.java:231)
	at org.eclipse.jetty.server.handler.ContextHandler.doHandle(ContextHandler.java:1086)
	at org.eclipse.jetty.servlet.ServletHandler.doScope(ServletHandler.java:429)
	at org.eclipse.jetty.server.session.SessionHandler.doScope(SessionHandler.java:193)
	at org.eclipse.jetty.server.handler.ContextHandler.doScope(ContextHandler.java:1020)
	at org.eclipse.jetty.server.handler.ScopedHandler.handle(ScopedHandler.java:135)
	at org.eclipse.jetty.server.handler.HandlerCollection.handle(HandlerCollection.java:154)
	at org.eclipse.jetty.server.handler.HandlerWrapper.handle(HandlerWrapper.java:116)
	at org.eclipse.jetty.server.Server.handle(Server.java:370)
	at org.eclipse.jetty.server.AbstractHttpConnection.handleRequest(AbstractHttpConnection.java:494)
	at org.eclipse.jetty.server.BlockingHttpConnection.handleRequest(BlockingHttpConnection.java:53)
	at org.eclipse.jetty.server.AbstractHttpConnection.headerComplete(AbstractHttpConnection.java:971)
	at org.eclipse.jetty.server.AbstractHttpConnection$RequestHandler.headerComplete(AbstractHttpConnection.java:1033)
	at org.eclipse.jetty.http.HttpParser.parseNext(HttpParser.java:644)
	at org.eclipse.jetty.http.HttpParser.parseAvailable(HttpParser.java:235)
	at org.eclipse.jetty.server.BlockingHttpConnection.handle(BlockingHttpConnection.java:72)
	at org.eclipse.jetty.server.bio.SocketConnector$ConnectorEndPoint.run(SocketConnector.java:264)
	at org.eclipse.jetty.util.thread.QueuedThreadPool.runJob(QueuedThreadPool.java:608)
	at org.eclipse.jetty.util.thread.QueuedThreadPool$3.run(QueuedThreadPool.java:543)
	at java.lang.Thread.run(Thread.java:745)
Caused by: 
java.io.IOException: invalid constant type: 18
	at javassist.bytecode.ConstPool.readOne(ConstPool.java:1090)
	at javassist.bytecode.ConstPool.read(ConstPool.java:1033)
	at javassist.bytecode.ConstPool.<init>(ConstPool.java:149)
	at javassist.bytecode.ClassFile.read(ClassFile.java:764)
	at javassist.bytecode.ClassFile.<init>(ClassFile.java:108)
	at javassist.CtClassType.getClassFile2(CtClassType.java:190)
	at javassist.CtClassType.subtypeOf(CtClassType.java:303)
	at javassist.CtClassType.subtypeOf(CtClassType.java:318)
	at water.Weaver.genIcerClass(Weaver.java:178)
	at water.Weaver.javassistLoadClass(Weaver.java:141)
	at water.Weaver.genDelegate(Weaver.java:61)
	at water.TypeMap.getIcer(TypeMap.java:190)
	at water.TypeMap.getIcer(TypeMap.java:177)
	at water.Iced.icer(Iced.java:55)
	at water.Iced.writeJSON(Iced.java:65)
	at water.api.schemas3.SchemaV3.writeJSON(SchemaV3.java:63)
	at water.Iced.toJsonString(Iced.java:77)
	at water.api.RequestServer.serveSchema(RequestServer.java:616)
	at water.api.RequestServer.serveError(RequestServer.java:645)
	at water.api.RequestServer.serve(RequestServer.java:434)
	at water.api.RequestServer.doGeneric(RequestServer.java:245)
	at water.api.RequestServer.doGet(RequestServer.java:197)
	at javax.servlet.http.HttpServlet.service(HttpServlet.java:735)
	at javax.servlet.http.HttpServlet.service(HttpServlet.java:848)
	at org.eclipse.jetty.servlet.ServletHolder.handle(ServletHolder.java:684)
	at org.eclipse.jetty.servlet.ServletHandler.doHandle(ServletHandler.java:503)
	at org.eclipse.jetty.server.handler.ScopedHandler.handle(ScopedHandler.java:137)
	at org.eclipse.jetty.security.SecurityHandler.handle(SecurityHandler.java:557)
	at org.eclipse.jetty.server.session.SessionHandler.doHandle(SessionHandler.java:231)
	at org.eclipse.jetty.server.handler.ContextHandler.doHandle(ContextHandler.java:1086)
	at org.eclipse.jetty.servlet.ServletHandler.doScope(ServletHandler.java:429)
	at org.eclipse.jetty.server.session.SessionHandler.doScope(SessionHandler.java:193)
	at org.eclipse.jetty.server.handler.ContextHandler.doScope(ContextHandler.java:1020)
	at org.eclipse.jetty.server.handler.ScopedHandler.handle(ScopedHandler.java:135)
	at org.eclipse.jetty.server.handler.HandlerCollection.handle(HandlerCollection.java:154)
	at org.eclipse.jetty.server.handler.HandlerWrapper.handle(HandlerWrapper.java:116)
	at org.eclipse.jetty.server.Server.handle(Server.java:370)
	at org.eclipse.jetty.server.AbstractHttpConnection.handleRequest(AbstractHttpConnection.java:494)
	at org.eclipse.jetty.server.BlockingHttpConnection.handleRequest(BlockingHttpConnection.java:53)
	at org.eclipse.jetty.server.AbstractHttpConnection.headerComplete(AbstractHttpConnection.java:971)
	at org.eclipse.jetty.server.AbstractHttpConnection$RequestHandler.headerComplete(AbstractHttpConnection.java:1033)
	at org.eclipse.jetty.http.HttpParser.parseNext(HttpParser.java:644)
	at org.eclipse.jetty.http.HttpParser.parseAvailable(HttpParser.java:235)
	at org.eclipse.jetty.server.BlockingHttpConnection.handle(BlockingHttpConnection.java:72)
	at org.eclipse.jetty.server.bio.SocketConnector$ConnectorEndPoint.run(SocketConnector.java:264)
	at org.eclipse.jetty.util.thread.QueuedThreadPool.runJob(QueuedThreadPool.java:608)
	at org.eclipse.jetty.util.thread.QueuedThreadPool$3.run(QueuedThreadPool.java:543)
	at java.lang.Thread.run(Thread.java:745)
